# JRE version: Java(TM) SE Runtime Environment (18.0+36) (build 18+36-2087)
# Java VM: Java HotSpot(TM) 64-Bit Server VM (18+36-2087, mixed mode, sharing, tiered, compressed oops, compressed class ptrs, serial gc, windows-amd64)
GC Precious Log:
 CardTable entry size: 512
 CPUs: 4 total, 4 available
 Memory: 1510M
 Large Page Support: Disabled
 NUMA Support: Disabled
 Compressed Oops: Enabled (32-bit)
 Heap Min Capacity: 8M
 Heap Initial Capacity: 24M
 Heap Max Capacity: 378M
 Pre-touch: Disabled
Heap:
 def new generation   total 7424K, used 2404K [0x00000000e8600000, 0x00000000e8e00000, 0x00000000f0400000)
  eden space 6656K,  24% used [0x00000000e8600000, 0x00000000e87991d0, 0x00000000e8c80000)
  from space 768K, 100% used [0x00000000e8c80000, 0x00000000e8d40000, 0x00000000e8d40000)
  to   space 768K,   0% used [0x00000000e8d40000, 0x00000000e8d40000, 0x00000000e8e00000)
 tenured generation   total 16384K, used 5740K [0x00000000f0400000, 0x00000000f1400000, 0x0000000100000000)
   the space 16384K,  35% used [0x00000000f0400000, 0x00000000f099b048, 0x00000000f099b200, 0x00000000f1400000)
 Metaspace       used 14704K, committed 14976K, reserved 1114112K
  class space    used 1721K, committed 1856K, reserved 1048576K
GC Heap History (12 events):
Event: 2.840 GC heap before
{Heap before GC invocations=0 (full 0):
 def new generation   total 7424K, used 6656K [0x00000000e8600000, 0x00000000e8e00000, 0x00000000f0400000)
  eden space 6656K, 100% used [0x00000000e8600000, 0x00000000e8c80000, 0x00000000e8c80000)
  from space 768K,   0% used [0x00000000e8c80000, 0x00000000e8c80000, 0x00000000e8d40000)
  to   space 768K,   0% used [0x00000000e8d40000, 0x00000000e8d40000, 0x00000000e8e00000)
 tenured generation   total 16384K, used 0K [0x00000000f0400000, 0x00000000f1400000, 0x0000000100000000)
   the space 16384K,   0% used [0x00000000f0400000, 0x00000000f0400000, 0x00000000f0400200, 0x00000000f1400000)
 Metaspace       used 3743K, committed 3968K, reserved 1114112K
  class space    used 386K, committed 512K, reserved 1048576K
}
Event: 2.862 GC heap after
{Heap after GC invocations=1 (full 0):
 def new generation   total 7424K, used 768K [0x00000000e8600000, 0x00000000e8e00000, 0x00000000f0400000)
  eden space 6656K,   0% used [0x00000000e8600000, 0x00000000e8600000, 0x00000000e8c80000)
  from space 768K, 100% used [0x00000000e8d40000, 0x00000000e8e00000, 0x00000000e8e00000)
  to   space 768K,   0% used [0x00000000e8c80000, 0x00000000e8c80000, 0x00000000e8d40000)
 tenured generation   total 16384K, used 1513K [0x00000000f0400000, 0x00000000f1400000, 0x0000000100000000)
   the space 16384K,   9% used [0x00000000f0400000, 0x00000000f057a718, 0x00000000f057a800, 0x00000000f1400000)
 Metaspace       used 3743K, committed 3968K, reserved 1114112K
  class space    used 386K, committed 512K, reserved 1048576K
}
Event: 5.120 GC heap before
{Heap before GC invocations=1 (full 0):
 def new generation   total 7424K, used 7424K [0x00000000e8600000, 0x00000000e8e00000, 0x00000000f0400000)
  eden space 6656K, 100% used [0x00000000e8600000, 0x00000000e8c80000, 0x00000000e8c80000)
  from space 768K, 100% used [0x00000000e8d40000, 0x00000000e8e00000, 0x00000000e8e00000)
  to   space 768K,   0% used [0x00000000e8c80000, 0x00000000e8c80000, 0x00000000e8d40000)
 tenured generation   total 16384K, used 1513K [0x00000000f0400000, 0x00000000f1400000, 0x0000000100000000)
   the space 16384K,   9% used [0x00000000f0400000, 0x00000000f057a718, 0x00000000f057a800, 0x00000000f1400000)
 Metaspace       used 6047K, committed 6272K, reserved 1114112K
  class space    used 633K, committed 768K, reserved 1048576K
}
Event: 5.133 GC heap after
{Heap after GC invocations=2 (full 0):
 def new generation   total 7424K, used 529K [0x00000000e8600000, 0x00000000e8e00000, 0x00000000f0400000)
  eden space 6656K,   0% used [0x00000000e8600000, 0x00000000e8600000, 0x00000000e8c80000)
  from space 768K,  68% used [0x00000000e8c80000, 0x00000000e8d04708, 0x00000000e8d40000)
  to   space 768K,   0% used [0x00000000e8d40000, 0x00000000e8d40000, 0x00000000e8e00000)
 tenured generation   total 16384K, used 2276K [0x00000000f0400000, 0x00000000f1400000, 0x0000000100000000)
   the space 16384K,  13% used [0x00000000f0400000, 0x00000000f0639120, 0x00000000f0639200, 0x00000000f1400000)
 Metaspace       used 6047K, committed 6272K, reserved 1114112K
  class space    used 633K, committed 768K, reserved 1048576K
}
Event: 6.478 GC heap before
{Heap before GC invocations=2 (full 0):
 def new generation   total 7424K, used 7185K [0x00000000e8600000, 0x00000000e8e00000, 0x00000000f0400000)
  eden space 6656K, 100% used [0x00000000e8600000, 0x00000000e8c80000, 0x00000000e8c80000)
  from space 768K,  68% used [0x00000000e8c80000, 0x00000000e8d04708, 0x00000000e8d40000)
  to   space 768K,   0% used [0x00000000e8d40000, 0x00000000e8d40000, 0x00000000e8e00000)
 tenured generation   total 16384K, used 2276K [0x00000000f0400000, 0x00000000f1400000, 0x0000000100000000)
   the space 16384K,  13% used [0x00000000f0400000, 0x00000000f0639120, 0x00000000f0639200, 0x00000000f1400000)
 Metaspace       used 8347K, committed 8512K, reserved 1114112K
  class space    used 945K, committed 1024K, reserved 1048576K
}
Event: 6.488 GC heap after
{Heap after GC invocations=3 (full 0):
 def new generation   total 7424K, used 767K [0x00000000e8600000, 0x00000000e8e00000, 0x00000000f0400000)
  eden space 6656K,   0% used [0x00000000e8600000, 0x00000000e8600000, 0x00000000e8c80000)
  from space 768K,  99% used [0x00000000e8d40000, 0x00000000e8dffff8, 0x00000000e8e00000)
  to   space 768K,   0% used [0x00000000e8c80000, 0x00000000e8c80000, 0x00000000e8d40000)
 tenured generation   total 16384K, used 2849K [0x00000000f0400000, 0x00000000f1400000, 0x0000000100000000)
   the space 16384K,  17% used [0x00000000f0400000, 0x00000000f06c86f0, 0x00000000f06c8800, 0x00000000f1400000)
 Metaspace       used 8347K, committed 8512K, reserved 1114112K
  class space    used 945K, committed 1024K, reserved 1048576K
}
Event: 7.203 GC heap before
{Heap before GC invocations=3 (full 0):
 def new generation   total 7424K, used 7423K [0x00000000e8600000, 0x00000000e8e00000, 0x00000000f0400000)
  eden space 6656K, 100% used [0x00000000e8600000, 0x00000000e8c80000, 0x00000000e8c80000)
  from space 768K,  99% used [0x00000000e8d40000, 0x00000000e8dffff8, 0x00000000e8e00000)
  to   space 768K,   0% used [0x00000000e8c80000, 0x00000000e8c80000, 0x00000000e8d40000)
 tenured generation   total 16384K, used 2849K [0x00000000f0400000, 0x00000000f1400000, 0x0000000100000000)
   the space 16384K,  17% used [0x00000000f0400000, 0x00000000f06c86f0, 0x00000000f06c8800, 0x00000000f1400000)
 Metaspace       used 10442K, committed 10688K, reserved 1114112K
  class space    used 1146K, committed 1280K, reserved 1048576K
}
Event: 7.216 GC heap after
{Heap after GC invocations=4 (full 0):
 def new generation   total 7424K, used 767K [0x00000000e8600000, 0x00000000e8e00000, 0x00000000f0400000)
  eden space 6656K,   0% used [0x00000000e8600000, 0x00000000e8600000, 0x00000000e8c80000)
  from space 768K,  99% used [0x00000000e8c80000, 0x00000000e8d3fff8, 0x00000000e8d40000)
  to   space 768K,   0% used [0x00000000e8d40000, 0x00000000e8d40000, 0x00000000e8e00000)
 tenured generation   total 16384K, used 4391K [0x00000000f0400000, 0x00000000f1400000, 0x0000000100000000)
   the space 16384K,  26% used [0x00000000f0400000, 0x00000000f0849e10, 0x00000000f084a000, 0x00000000f1400000)
 Metaspace       used 10442K, committed 10688K, reserved 1114112K
  class space    used 1146K, committed 1280K, reserved 1048576K
}
Event: 9.085 GC heap before
{Heap before GC invocations=4 (full 0):
 def new generation   total 7424K, used 7423K [0x00000000e8600000, 0x00000000e8e00000, 0x00000000f0400000)
  eden space 6656K, 100% used [0x00000000e8600000, 0x00000000e8c80000, 0x00000000e8c80000)
  from space 768K,  99% used [0x00000000e8c80000, 0x00000000e8d3fff8, 0x00000000e8d40000)
  to   space 768K,   0% used [0x00000000e8d40000, 0x00000000e8d40000, 0x00000000e8e00000)
 tenured generation   total 16384K, used 4391K [0x00000000f0400000, 0x00000000f1400000, 0x0000000100000000)
   the space 16384K,  26% used [0x00000000f0400000, 0x00000000f0849e10, 0x00000000f084a000, 0x00000000f1400000)
 Metaspace       used 12473K, committed 12672K, reserved 1114112K
  class space    used 1424K, committed 1536K, reserved 1048576K
}
Event: 9.094 GC heap after
{Heap after GC invocations=5 (full 0):
 def new generation   total 7424K, used 557K [0x00000000e8600000, 0x00000000e8e00000, 0x00000000f0400000)
  eden space 6656K,   0% used [0x00000000e8600000, 0x00000000e8600000, 0x00000000e8c80000)
  from space 768K,  72% used [0x00000000e8d40000, 0x00000000e8dcb658, 0x00000000e8e00000)
  to   space 768K,   0% used [0x00000000e8c80000, 0x00000000e8c80000, 0x00000000e8d40000)
 tenured generation   total 16384K, used 5154K [0x00000000f0400000, 0x00000000f1400000, 0x0000000100000000)
   the space 16384K,  31% used [0x00000000f0400000, 0x00000000f0908ac8, 0x00000000f0908c00, 0x00000000f1400000)
 Metaspace       used 12473K, committed 12672K, reserved 1114112K
  class space    used 1424K, committed 1536K, reserved 1048576K
}
Event: 23.733 GC heap before
{Heap before GC invocations=5 (full 0):
 def new generation   total 7424K, used 7213K [0x00000000e8600000, 0x00000000e8e00000, 0x00000000f0400000)
  eden space 6656K, 100% used [0x00000000e8600000, 0x00000000e8c80000, 0x00000000e8c80000)
  from space 768K,  72% used [0x00000000e8d40000, 0x00000000e8dcb658, 0x00000000e8e00000)
  to   space 768K,   0% used [0x00000000e8c80000, 0x00000000e8c80000, 0x00000000e8d40000)
 tenured generation   total 16384K, used 5154K [0x00000000f0400000, 0x00000000f1400000, 0x0000000100000000)
   the space 16384K,  31% used [0x00000000f0400000, 0x00000000f0908ac8, 0x00000000f0908c00, 0x00000000f1400000)
 Metaspace       used 14300K, committed 14592K, reserved 1114112K
  class space    used 1667K, committed 1792K, reserved 1048576K
}
Event: 23.743 GC heap after
{Heap after GC invocations=6 (full 0):
 def new generation   total 7424K, used 768K [0x00000000e8600000, 0x00000000e8e00000, 0x00000000f0400000)
  eden space 6656K,   0% used [0x00000000e8600000, 0x00000000e8600000, 0x00000000e8c80000)
  from space 768K, 100% used [0x00000000e8c80000, 0x00000000e8d40000, 0x00000000e8d40000)
  to   space 768K,   0% used [0x00000000e8d40000, 0x00000000e8d40000, 0x00000000e8e00000)
 tenured generation   total 16384K, used 5740K [0x00000000f0400000, 0x00000000f1400000, 0x0000000100000000)
   the space 16384K,  35% used [0x00000000f0400000, 0x00000000f099b048, 0x00000000f099b200, 0x00000000f1400000)
 Metaspace       used 14300K, committed 14592K, reserved 1114112K
  class space    used 1667K, committed 1792K, reserved 1048576K
}

