# JRE version: Java(TM) SE Runtime Environment (18.0+36) (build 18+36-2087)
# Java VM: Java HotSpot(TM) 64-Bit Server VM (18+36-2087, mixed mode, sharing, tiered, compressed oops, compressed class ptrs, serial gc, windows-amd64)
GC Precious Log:
 CardTable entry size: 512
 CPUs: 4 total, 4 available
 Memory: 1510M
 Large Page Support: Disabled
 NUMA Support: Disabled
 Compressed Oops: Enabled (32-bit)
 Heap Min Capacity: 8M
 Heap Initial Capacity: 24M
 Heap Max Capacity: 378M
 Pre-touch: Disabled
Heap:
 def new generation   total 7424K, used 2641K [0x00000000e8600000, 0x00000000e8e00000, 0x00000000f0400000)
  eden space 6656K,  28% used [0x00000000e8600000, 0x00000000e87d4610, 0x00000000e8c80000)
  from space 768K, 100% used [0x00000000e8c80000, 0x00000000e8d40000, 0x00000000e8d40000)
  to   space 768K,   0% used [0x00000000e8d40000, 0x00000000e8d40000, 0x00000000e8e00000)
 tenured generation   total 16384K, used 5722K [0x00000000f0400000, 0x00000000f1400000, 0x0000000100000000)
   the space 16384K,  34% used [0x00000000f0400000, 0x00000000f0996840, 0x00000000f0996a00, 0x00000000f1400000)
 Metaspace       used 14713K, committed 14976K, reserved 1114112K
  class space    used 1732K, committed 1856K, reserved 1048576K
GC Heap History (12 events):
Event: 1.306 GC heap before
{Heap before GC invocations=0 (full 0):
 def new generation   total 7424K, used 6656K [0x00000000e8600000, 0x00000000e8e00000, 0x00000000f0400000)
  eden space 6656K, 100% used [0x00000000e8600000, 0x00000000e8c80000, 0x00000000e8c80000)
  from space 768K,   0% used [0x00000000e8c80000, 0x00000000e8c80000, 0x00000000e8d40000)
  to   space 768K,   0% used [0x00000000e8d40000, 0x00000000e8d40000, 0x00000000e8e00000)
 tenured generation   total 16384K, used 0K [0x00000000f0400000, 0x00000000f1400000, 0x0000000100000000)
   the space 16384K,   0% used [0x00000000f0400000, 0x00000000f0400000, 0x00000000f0400200, 0x00000000f1400000)
 Metaspace       used 3753K, committed 3968K, reserved 1114112K
  class space    used 386K, committed 512K, reserved 1048576K
}
Event: 1.320 GC heap after
{Heap after GC invocations=1 (full 0):
 def new generation   total 7424K, used 767K [0x00000000e8600000, 0x00000000e8e00000, 0x00000000f0400000)
  eden space 6656K,   0% used [0x00000000e8600000, 0x00000000e8600000, 0x00000000e8c80000)
  from space 768K,  99% used [0x00000000e8d40000, 0x00000000e8dffff8, 0x00000000e8e00000)
  to   space 768K,   0% used [0x00000000e8c80000, 0x00000000e8c80000, 0x00000000e8d40000)
 tenured generation   total 16384K, used 1513K [0x00000000f0400000, 0x00000000f1400000, 0x0000000100000000)
   the space 16384K,   9% used [0x00000000f0400000, 0x00000000f057a670, 0x00000000f057a800, 0x00000000f1400000)
 Metaspace       used 3753K, committed 3968K, reserved 1114112K
  class space    used 386K, committed 512K, reserved 1048576K
}
Event: 2.972 GC heap before
{Heap before GC invocations=1 (full 0):
 def new generation   total 7424K, used 7423K [0x00000000e8600000, 0x00000000e8e00000, 0x00000000f0400000)
  eden space 6656K, 100% used [0x00000000e8600000, 0x00000000e8c80000, 0x00000000e8c80000)
  from space 768K,  99% used [0x00000000e8d40000, 0x00000000e8dffff8, 0x00000000e8e00000)
  to   space 768K,   0% used [0x00000000e8c80000, 0x00000000e8c80000, 0x00000000e8d40000)
 tenured generation   total 16384K, used 1513K [0x00000000f0400000, 0x00000000f1400000, 0x0000000100000000)
   the space 16384K,   9% used [0x00000000f0400000, 0x00000000f057a670, 0x00000000f057a800, 0x00000000f1400000)
 Metaspace       used 5988K, committed 6208K, reserved 1114112K
  class space    used 629K, committed 768K, reserved 1048576K
}
Event: 2.985 GC heap after
{Heap after GC invocations=2 (full 0):
 def new generation   total 7424K, used 551K [0x00000000e8600000, 0x00000000e8e00000, 0x00000000f0400000)
  eden space 6656K,   0% used [0x00000000e8600000, 0x00000000e8600000, 0x00000000e8c80000)
  from space 768K,  71% used [0x00000000e8c80000, 0x00000000e8d09e98, 0x00000000e8d40000)
  to   space 768K,   0% used [0x00000000e8d40000, 0x00000000e8d40000, 0x00000000e8e00000)
 tenured generation   total 16384K, used 2276K [0x00000000f0400000, 0x00000000f1400000, 0x0000000100000000)
   the space 16384K,  13% used [0x00000000f0400000, 0x00000000f0639040, 0x00000000f0639200, 0x00000000f1400000)
 Metaspace       used 5988K, committed 6208K, reserved 1114112K
  class space    used 629K, committed 768K, reserved 1048576K
}
Event: 3.834 GC heap before
{Heap before GC invocations=2 (full 0):
 def new generation   total 7424K, used 7207K [0x00000000e8600000, 0x00000000e8e00000, 0x00000000f0400000)
  eden space 6656K, 100% used [0x00000000e8600000, 0x00000000e8c80000, 0x00000000e8c80000)
  from space 768K,  71% used [0x00000000e8c80000, 0x00000000e8d09e98, 0x00000000e8d40000)
  to   space 768K,   0% used [0x00000000e8d40000, 0x00000000e8d40000, 0x00000000e8e00000)
 tenured generation   total 16384K, used 2276K [0x00000000f0400000, 0x00000000f1400000, 0x0000000100000000)
   the space 16384K,  13% used [0x00000000f0400000, 0x00000000f0639040, 0x00000000f0639200, 0x00000000f1400000)
 Metaspace       used 8307K, committed 8512K, reserved 1114112K
  class space    used 942K, committed 1024K, reserved 1048576K
}
Event: 3.844 GC heap after
{Heap after GC invocations=3 (full 0):
 def new generation   total 7424K, used 768K [0x00000000e8600000, 0x00000000e8e00000, 0x00000000f0400000)
  eden space 6656K,   0% used [0x00000000e8600000, 0x00000000e8600000, 0x00000000e8c80000)
  from space 768K, 100% used [0x00000000e8d40000, 0x00000000e8e00000, 0x00000000e8e00000)
  to   space 768K,   0% used [0x00000000e8c80000, 0x00000000e8c80000, 0x00000000e8d40000)
 tenured generation   total 16384K, used 2815K [0x00000000f0400000, 0x00000000f1400000, 0x0000000100000000)
   the space 16384K,  17% used [0x00000000f0400000, 0x00000000f06bfd48, 0x00000000f06bfe00, 0x00000000f1400000)
 Metaspace       used 8307K, committed 8512K, reserved 1114112K
  class space    used 942K, committed 1024K, reserved 1048576K
}
Event: 4.361 GC heap before
{Heap before GC invocations=3 (full 0):
 def new generation   total 7424K, used 7424K [0x00000000e8600000, 0x00000000e8e00000, 0x00000000f0400000)
  eden space 6656K, 100% used [0x00000000e8600000, 0x00000000e8c80000, 0x00000000e8c80000)
  from space 768K, 100% used [0x00000000e8d40000, 0x00000000e8e00000, 0x00000000e8e00000)
  to   space 768K,   0% used [0x00000000e8c80000, 0x00000000e8c80000, 0x00000000e8d40000)
 tenured generation   total 16384K, used 2815K [0x00000000f0400000, 0x00000000f1400000, 0x0000000100000000)
   the space 16384K,  17% used [0x00000000f0400000, 0x00000000f06bfd48, 0x00000000f06bfe00, 0x00000000f1400000)
 Metaspace       used 10397K, committed 10688K, reserved 1114112K
  class space    used 1146K, committed 1280K, reserved 1048576K
}
Event: 4.376 GC heap after
{Heap after GC invocations=4 (full 0):
 def new generation   total 7424K, used 767K [0x00000000e8600000, 0x00000000e8e00000, 0x00000000f0400000)
  eden space 6656K,   0% used [0x00000000e8600000, 0x00000000e8600000, 0x00000000e8c80000)
  from space 768K,  99% used [0x00000000e8c80000, 0x00000000e8d3fff8, 0x00000000e8d40000)
  to   space 768K,   0% used [0x00000000e8d40000, 0x00000000e8d40000, 0x00000000e8e00000)
 tenured generation   total 16384K, used 4388K [0x00000000f0400000, 0x00000000f1400000, 0x0000000100000000)
   the space 16384K,  26% used [0x00000000f0400000, 0x00000000f0849318, 0x00000000f0849400, 0x00000000f1400000)
 Metaspace       used 10397K, committed 10688K, reserved 1114112K
  class space    used 1146K, committed 1280K, reserved 1048576K
}
Event: 6.687 GC heap before
{Heap before GC invocations=4 (full 0):
 def new generation   total 7424K, used 7423K [0x00000000e8600000, 0x00000000e8e00000, 0x00000000f0400000)
  eden space 6656K, 100% used [0x00000000e8600000, 0x00000000e8c80000, 0x00000000e8c80000)
  from space 768K,  99% used [0x00000000e8c80000, 0x00000000e8d3fff8, 0x00000000e8d40000)
  to   space 768K,   0% used [0x00000000e8d40000, 0x00000000e8d40000, 0x00000000e8e00000)
 tenured generation   total 16384K, used 4388K [0x00000000f0400000, 0x00000000f1400000, 0x0000000100000000)
   the space 16384K,  26% used [0x00000000f0400000, 0x00000000f0849318, 0x00000000f0849400, 0x00000000f1400000)
 Metaspace       used 12364K, committed 12608K, reserved 1114112K
  class space    used 1421K, committed 1536K, reserved 1048576K
}
Event: 6.697 GC heap after
{Heap after GC invocations=5 (full 0):
 def new generation   total 7424K, used 584K [0x00000000e8600000, 0x00000000e8e00000, 0x00000000f0400000)
  eden space 6656K,   0% used [0x00000000e8600000, 0x00000000e8600000, 0x00000000e8c80000)
  from space 768K,  76% used [0x00000000e8d40000, 0x00000000e8dd2198, 0x00000000e8e00000)
  to   space 768K,   0% used [0x00000000e8c80000, 0x00000000e8c80000, 0x00000000e8d40000)
 tenured generation   total 16384K, used 5152K [0x00000000f0400000, 0x00000000f1400000, 0x0000000100000000)
   the space 16384K,  31% used [0x00000000f0400000, 0x00000000f09081e0, 0x00000000f0908200, 0x00000000f1400000)
 Metaspace       used 12364K, committed 12608K, reserved 1114112K
  class space    used 1421K, committed 1536K, reserved 1048576K
}
Event: 16.412 GC heap before
{Heap before GC invocations=5 (full 0):
 def new generation   total 7424K, used 7231K [0x00000000e8600000, 0x00000000e8e00000, 0x00000000f0400000)
  eden space 6656K,  99% used [0x00000000e8600000, 0x00000000e8c7dc70, 0x00000000e8c80000)
  from space 768K,  76% used [0x00000000e8d40000, 0x00000000e8dd2198, 0x00000000e8e00000)
  to   space 768K,   0% used [0x00000000e8c80000, 0x00000000e8c80000, 0x00000000e8d40000)
 tenured generation   total 16384K, used 5152K [0x00000000f0400000, 0x00000000f1400000, 0x0000000100000000)
   the space 16384K,  31% used [0x00000000f0400000, 0x00000000f09081e0, 0x00000000f0908200, 0x00000000f1400000)
 Metaspace       used 14249K, committed 14464K, reserved 1114112K
  class space    used 1669K, committed 1792K, reserved 1048576K
}
Event: 16.420 GC heap after
{Heap after GC invocations=6 (full 0):
 def new generation   total 7424K, used 768K [0x00000000e8600000, 0x00000000e8e00000, 0x00000000f0400000)
  eden space 6656K,   0% used [0x00000000e8600000, 0x00000000e8600000, 0x00000000e8c80000)
  from space 768K, 100% used [0x00000000e8c80000, 0x00000000e8d40000, 0x00000000e8d40000)
  to   space 768K,   0% used [0x00000000e8d40000, 0x00000000e8d40000, 0x00000000e8e00000)
 tenured generation   total 16384K, used 5722K [0x00000000f0400000, 0x00000000f1400000, 0x0000000100000000)
   the space 16384K,  34% used [0x00000000f0400000, 0x00000000f0996840, 0x00000000f0996a00, 0x00000000f1400000)
 Metaspace       used 14249K, committed 14464K, reserved 1114112K
  class space    used 1669K, committed 1792K, reserved 1048576K
}

